This is pdfTeX, Version 3.141592653-2.6-1.40.27 (TeX Live 2025) (preloaded format=pdflatex 2026.3.1)  14 MAR 2026 11:26
entering extended mode
 restricted \write18 enabled.
 file:line:error style messages enabled.
 %&-line parsing enabled.
**/Users/ismael/Documents/TFG_Econometria_Salud/main.tex
(/Users/ismael/Documents/TFG_Econometria_Salud/main.tex
LaTeX2e <2024-11-01> patch level 2
L3 programming layer <2025-01-18>
(/usr/local/texlive/2025/texmf-dist/tex/latex/base/report.cls
Document Class: report 2024/06/29 v1.4n Standard LaTeX document class
(/usr/local/texlive/2025/texmf-dist/tex/latex/base/size12.clo
File: size12.clo 2024/06/29 v1.4n Standard LaTeX file (size option)
)
\c@part=\count196
\c@chapter=\count197
\c@section=\count198
\c@subsection=\count199
\c@subsubsection=\count266
\c@paragraph=\count267
\c@subparagraph=\count268
\c@figure=\count269
\c@table=\count270
\abovecaptionskip=\skip49
\belowcaptionskip=\skip50
\bibindent=\dimen141
) (/usr/local/texlive/2025/texmf-dist/tex/latex/silence/silence.sty
Package: silence 2012/07/02 v1.5b Selective filtering of warnings and error messages
\sl@Save=\count271
\sl@StateNumber=\count272
\sl@MessageCount=\count273
\sl@Casualties=\count274
\sl@Filter=\toks17
\sl@Message=\toks18
\sl@UnexpandedMessage=\toks19
\sl@Mess@ge=\toks20
\sl@WarningCount=\count275
\sl@WarningNumber=\count276
\sl@WarningCasualties=\count277
\sl@TempBOW=\toks21
\sl@BankOfWarnings=\toks22
LaTeX Info: Redefining \GenericWarning on input line 433.
\sl@ErrorCount=\count278
\sl@ErrorNumber=\count279
\sl@ErrorCasualties=\count280
\sl@TempBOE=\toks23
\sl@BankOfErrors=\toks24
LaTeX Info: Redefining \GenericError on input line 601.
) (/usr/local/texlive/2025/texmf-dist/tex/latex/base/inputenc.sty
Package: inputenc 2024/02/08 v1.3d Input encoding file
\inpenc@prehook=\toks25
\inpenc@posthook=\toks26
) (/usr/local/texlive/2025/texmf-dist/tex/latex/base/fontenc.sty
Package: fontenc 2021/04/29 v2.0v Standard LaTeX package
) (/usr/local/texlive/2025/texmf-dist/tex/generic/babel/babel.sty
Package: babel 2025/02/14 v25.4 The multilingual framework for pdfLaTeX, LuaLaTeX and XeLaTeX
\babel@savecnt=\count281
\U@D=\dimen142
\l@unhyphenated=\language90
 (/usr/local/texlive/2025/texmf-dist/tex/generic/babel/txtbabel.def)
\bbl@readstream=\read2
\bbl@dirlevel=\count282
 (/usr/local/texlive/2025/texmf-dist/tex/generic/babel-spanish/spanish.ldf
Language: spanish.ldf 2021/05/27 v5.0q Spanish support from the babel system
\es@quottoks=\toks27
\es@quotdepth=\count283
Package babel Info: Making " an active character on input line 570.
Package babel Info: Making < an active character on input line 722.
Package babel Info: Making > an active character on input line 722.
)) (/usr/local/texlive/2025/texmf-dist/tex/generic/babel/locale/es/babel-spanish.tex
Package babel Info: Importing font and identification data for spanish
(babel)             from babel-es.ini. Reported on input line 11.
) (/usr/local/texlive/2025/texmf-dist/tex/latex/lm/lmodern.sty
Package: lmodern 2015/05/01 v1.6.1 Latin Modern Fonts
LaTeX Font Info:    Overwriting symbol font `operators' in version `normal'
(Font)                  OT1/cmr/m/n --> OT1/lmr/m/n on input line 22.
LaTeX Font Info:    Overwriting symbol font `letters' in version `normal'
(Font)                  OML/cmm/m/it --> OML/lmm/m/it on input line 23.
LaTeX Font Info:    Overwriting symbol font `symbols' in version `normal'
(Font)                  OMS/cmsy/m/n --> OMS/lmsy/m/n on input line 24.
LaTeX Font Info:    Overwriting symbol font `largesymbols' in version `normal'
(Font)                  OMX/cmex/m/n --> OMX/lmex/m/n on input line 25.
LaTeX Font Info:    Overwriting symbol font `operators' in version `bold'
(Font)                  OT1/cmr/bx/n --> OT1/lmr/bx/n on input line 26.
LaTeX Font Info:    Overwriting symbol font `letters' in version `bold'
(Font)                  OML/cmm/b/it --> OML/lmm/b/it on input line 27.
LaTeX Font Info:    Overwriting symbol font `symbols' in version `bold'
(Font)                  OMS/cmsy/b/n --> OMS/lmsy/b/n on input line 28.
LaTeX Font Info:    Overwriting symbol font `largesymbols' in version `bold'
(Font)                  OMX/cmex/m/n --> OMX/lmex/m/n on input line 29.
LaTeX Font Info:    Overwriting math alphabet `\mathbf' in version `normal'
(Font)                  OT1/cmr/bx/n --> OT1/lmr/bx/n on input line 31.
LaTeX Font Info:    Overwriting math alphabet `\mathsf' in version `normal'
(Font)                  OT1/cmss/m/n --> OT1/lmss/m/n on input line 32.
LaTeX Font Info:    Overwriting math alphabet `\mathit' in version `normal'
(Font)                  OT1/cmr/m/it --> OT1/lmr/m/it on input line 33.
LaTeX Font Info:    Overwriting math alphabet `\mathtt' in version `normal'
(Font)                  OT1/cmtt/m/n --> OT1/lmtt/m/n on input line 34.
LaTeX Font Info:    Overwriting math alphabet `\mathbf' in version `bold'
(Font)                  OT1/cmr/bx/n --> OT1/lmr/bx/n on input line 35.
LaTeX Font Info:    Overwriting math alphabet `\mathsf' in version `bold'
(Font)                  OT1/cmss/bx/n --> OT1/lmss/bx/n on input line 36.
LaTeX Font Info:    Overwriting math alphabet `\mathit' in version `bold'
(Font)                  OT1/cmr/bx/it --> OT1/lmr/bx/it on input line 37.
LaTeX Font Info:    Overwriting math alphabet `\mathtt' in version `bold'
(Font)                  OT1/cmtt/m/n --> OT1/lmtt/m/n on input line 38.
) (/usr/local/texlive/2025/texmf-dist/tex/latex/geometry/geometry.sty
Package: geometry 2020/01/02 v5.9 Page Geometry
 (/usr/local/texlive/2025/texmf-dist/tex/latex/graphics/keyval.sty
Package: keyval 2022/05/29 v1.15 key=value parser (DPC)
\KV@toks@=\toks28
) (/usr/local/texlive/2025/texmf-dist/tex/generic/iftex/ifvtex.sty
Package: ifvtex 2019/10/25 v1.7 ifvtex legacy package. Use iftex instead.
 (/usr/local/texlive/2025/texmf-dist/tex/generic/iftex/iftex.sty
Package: iftex 2024/12/12 v1.0g TeX engine tests
))
\Gm@cnth=\count284
\Gm@cntv=\count285
\c@Gm@tempcnt=\count286
\Gm@bindingoffset=\dimen143
\Gm@wd@mp=\dimen144
\Gm@odd@mp=\dimen145
\Gm@even@mp=\dimen146
\Gm@layoutwidth=\dimen147
\Gm@layoutheight=\dimen148
\Gm@layouthoffset=\dimen149
\Gm@layoutvoffset=\dimen150
\Gm@dimlist=\toks29
) (/usr/local/texlive/2025/texmf-dist/tex/latex/setspace/setspace.sty
Package: setspace 2022/12/04 v6.7b set line spacing
) (/usr/local/texlive/2025/texmf-dist/tex/latex/fancyhdr/fancyhdr.sty
Package: fancyhdr 2025/02/07 v5.2 Extensive control of page headers and footers
\f@nch@headwidth=\skip51
\f@nch@offset@elh=\skip52
\f@nch@offset@erh=\skip53
\f@nch@offset@olh=\skip54
\f@nch@offset@orh=\skip55
\f@nch@offset@elf=\skip56
\f@nch@offset@erf=\skip57
\f@nch@offset@olf=\skip58
\f@nch@offset@orf=\skip59
\f@nch@height=\skip60
\f@nch@footalignment=\skip61
\f@nch@widthL=\skip62
\f@nch@widthC=\skip63
\f@nch@widthR=\skip64
\@temptokenb=\toks30
) (/usr/local/texlive/2025/texmf-dist/tex/latex/amsmath/amsmath.sty
Package: amsmath 2024/11/05 v2.17t AMS math features
\@mathmargin=\skip65

For additional information on amsmath, use the `?' option.
(/usr/local/texlive/2025/texmf-dist/tex/latex/amsmath/amstext.sty
Package: amstext 2021/08/26 v2.01 AMS text
 (/usr/local/texlive/2025/texmf-dist/tex/latex/amsmath/amsgen.sty
File: amsgen.sty 1999/11/30 v2.0 generic functions
\@emptytoks=\toks31
\ex@=\dimen151
)) (/usr/local/texlive/2025/texmf-dist/tex/latex/amsmath/amsbsy.sty
Package: amsbsy 1999/11/29 v1.2d Bold Symbols
\pmbraise@=\dimen152
) (/usr/local/texlive/2025/texmf-dist/tex/latex/amsmath/amsopn.sty
Package: amsopn 2022/04/08 v2.04 operator names
)
\inf@bad=\count287
LaTeX Info: Redefining \frac on input line 233.
\uproot@=\count288
\leftroot@=\count289
LaTeX Info: Redefining \overline on input line 398.
LaTeX Info: Redefining \colon on input line 409.
\classnum@=\count290
\DOTSCASE@=\count291
LaTeX Info: Redefining \ldots on input line 495.
LaTeX Info: Redefining \dots on input line 498.
LaTeX Info: Redefining \cdots on input line 619.
\Mathstrutbox@=\box52
\strutbox@=\box53
LaTeX Info: Redefining \big on input line 721.
LaTeX Info: Redefining \Big on input line 722.
LaTeX Info: Redefining \bigg on input line 723.
LaTeX Info: Redefining \Bigg on input line 724.
\big@size=\dimen153
LaTeX Font Info:    Redeclaring font encoding OML on input line 742.
LaTeX Font Info:    Redeclaring font encoding OMS on input line 743.
\macc@depth=\count292
LaTeX Info: Redefining \bmod on input line 904.
LaTeX Info: Redefining \pmod on input line 909.
LaTeX Info: Redefining \smash on input line 939.
LaTeX Info: Redefining \relbar on input line 969.
LaTeX Info: Redefining \Relbar on input line 970.
\c@MaxMatrixCols=\count293
\dotsspace@=\muskip17
\c@parentequation=\count294
\dspbrk@lvl=\count295
\tag@help=\toks32
\row@=\count296
\column@=\count297
\maxfields@=\count298
\andhelp@=\toks33
\eqnshift@=\dimen154
\alignsep@=\dimen155
\tagshift@=\dimen156
\tagwidth@=\dimen157
\totwidth@=\dimen158
\lineht@=\dimen159
\@envbody=\toks34
\multlinegap=\skip66
\multlinetaggap=\skip67
\mathdisplay@stack=\toks35
LaTeX Info: Redefining \[ on input line 2953.
LaTeX Info: Redefining \] on input line 2954.
) (/usr/local/texlive/2025/texmf-dist/tex/latex/amsfonts/amssymb.sty
Package: amssymb 2013/01/14 v3.01 AMS font symbols
 (/usr/local/texlive/2025/texmf-dist/tex/latex/amsfonts/amsfonts.sty
Package: amsfonts 2013/01/14 v3.01 Basic AMSFonts support
\symAMSa=\mathgroup4
\symAMSb=\mathgroup5
LaTeX Font Info:    Redeclaring math symbol \hbar on input line 98.
LaTeX Font Info:    Overwriting math alphabet `\mathfrak' in version `bold'
(Font)                  U/euf/m/n --> U/euf/b/n on input line 106.
)) (/usr/local/texlive/2025/texmf-dist/tex/latex/amscls/amsthm.sty
Package: amsthm 2020/05/29 v2.20.6
\thm@style=\toks36
\thm@bodyfont=\toks37
\thm@headfont=\toks38
\thm@notefont=\toks39
\thm@headpunct=\toks40
\thm@preskip=\skip68
\thm@postskip=\skip69
\thm@headsep=\skip70
\dth@everypar=\toks41
) (/usr/local/texlive/2025/texmf-dist/tex/latex/tools/bm.sty
Package: bm 2023/12/19 v1.2f Bold Symbol Support (DPC/FMi)
\symboldoperators=\mathgroup6
\symboldletters=\mathgroup7
\symboldsymbols=\mathgroup8
Package bm Info: No bold for \OMX/lmex/m/n, using \pmb.
Package bm Info: No bold for \U/msa/m/n, using \pmb.
Package bm Info: No bold for \U/msb/m/n, using \pmb.
LaTeX Font Info:    Redeclaring math alphabet \mathbf on input line 149.
) (/usr/local/texlive/2025/texmf-dist/tex/latex/booktabs/booktabs.sty
Package: booktabs 2020/01/12 v1.61803398 Publication quality tables
\heavyrulewidth=\dimen160
\lightrulewidth=\dimen161
\cmidrulewidth=\dimen162
\belowrulesep=\dimen163
\belowbottomsep=\dimen164
\aboverulesep=\dimen165
\abovetopsep=\dimen166
\cmidrulesep=\dimen167
\cmidrulekern=\dimen168
\defaultaddspace=\dimen169
\@cmidla=\count299
\@cmidlb=\count300
\@aboverulesep=\dimen170
\@belowrulesep=\dimen171
\@thisruleclass=\count301
\@lastruleclass=\count302
\@thisrulewidth=\dimen172
) (/usr/local/texlive/2025/texmf-dist/tex/latex/tools/array.sty
Package: array 2024/10/17 v2.6g Tabular extension package (FMi)
\col@sep=\dimen173
\ar@mcellbox=\box54
\extrarowheight=\dimen174
\NC@list=\toks42
\extratabsurround=\skip71
\backup@length=\skip72
\ar@cellbox=\box55
) (/usr/local/texlive/2025/texmf-dist/tex/latex/multirow/multirow.sty
Package: multirow 2024/11/12 v2.9 Span multiple rows of a table
\multirow@colwidth=\skip73
\multirow@cntb=\count303
\multirow@dima=\skip74
\bigstrutjot=\dimen175
) (/usr/local/texlive/2025/texmf-dist/tex/latex/tools/longtable.sty
Package: longtable 2024-10-27 v4.22 Multi-page Table package (DPC)
\LTleft=\skip75
\LTright=\skip76
\LTpre=\skip77
\LTpost=\skip78
\LTchunksize=\count304
\LTcapwidth=\dimen176
\LT@head=\box56
\LT@firsthead=\box57
\LT@foot=\box58
\LT@lastfoot=\box59
\LT@gbox=\box60
\LT@cols=\count305
\LT@rows=\count306
\c@LT@tables=\count307
\c@LT@chunks=\count308
\LT@p@ftn=\toks43
) (/usr/local/texlive/2025/texmf-dist/tex/latex/threeparttable/threeparttable.sty
Package: threeparttable 2003/06/13  v 3.0
\@tempboxb=\box61
) (/usr/local/texlive/2025/texmf-dist/tex/latex/siunitx/siunitx.sty
Package: siunitx 2025-02-27 v3.4.6 A comprehensive (SI) units package
\l__siunitx_number_uncert_offset_int=\count309
\l__siunitx_number_exponent_fixed_int=\count310
\l__siunitx_number_min_decimal_int=\count311
\l__siunitx_number_min_integer_int=\count312
\l__siunitx_number_round_precision_int=\count313
\l__siunitx_number_lower_threshold_int=\count314
\l__siunitx_number_upper_threshold_int=\count315
\l__siunitx_number_group_first_int=\count316
\l__siunitx_number_group_size_int=\count317
\l__siunitx_number_group_minimum_int=\count318
\l__siunitx_angle_tmp_dim=\dimen177
\l__siunitx_angle_marker_box=\box62
\l__siunitx_angle_unit_box=\box63
\l__siunitx_compound_count_int=\count319
 (/usr/local/texlive/2025/texmf-dist/tex/latex/translations/translations.sty
Package: translations 2022/02/05 v1.12 internationalization of LaTeX2e packages (CN)
 (/usr/local/texlive/2025/texmf-dist/tex/latex/etoolbox/etoolbox.sty
Package: etoolbox 2025/02/11 v2.5l e-TeX tools for LaTeX (JAW)
\etb@tempcnta=\count320
) (/usr/local/texlive/2025/texmf-dist/tex/generic/pdftexcmds/pdftexcmds.sty
Package: pdftexcmds 2020-06-27 v0.33 Utility functions of pdfTeX for LuaTeX (HO)
 (/usr/local/texlive/2025/texmf-dist/tex/generic/infwarerr/infwarerr.sty
Package: infwarerr 2019/12/03 v1.5 Providing info/warning/error messages (HO)
) (/usr/local/texlive/2025/texmf-dist/tex/generic/ltxcmds/ltxcmds.sty
Package: ltxcmds 2023-12-04 v1.26 LaTeX kernel commands for general use (HO)
)
Package pdftexcmds Info: \pdf@primitive is available.
Package pdftexcmds Info: \pdf@ifprimitive is available.
Package pdftexcmds Info: \pdfdraftmode found.
))
\l__siunitx_table_tmp_box=\box64
\l__siunitx_table_tmp_dim=\dimen178
\l__siunitx_table_column_width_dim=\dimen179
\l__siunitx_table_integer_box=\box65
\l__siunitx_table_decimal_box=\box66
\l__siunitx_table_uncert_box=\box67
\l__siunitx_table_before_box=\box68
\l__siunitx_table_after_box=\box69
\l__siunitx_table_before_dim=\dimen180
\l__siunitx_table_carry_dim=\dimen181
\l__siunitx_unit_tmp_int=\count321
\l__siunitx_unit_position_int=\count322
\l__siunitx_unit_total_int=\count323
) (/usr/local/texlive/2025/texmf-dist/tex/latex/graphics/graphicx.sty
Package: graphicx 2021/09/16 v1.2d Enhanced LaTeX Graphics (DPC,SPQR)
 (/usr/local/texlive/2025/texmf-dist/tex/latex/graphics/graphics.sty
Package: graphics 2024/08/06 v1.4g Standard LaTeX Graphics (DPC,SPQR)
 (/usr/local/texlive/2025/texmf-dist/tex/latex/graphics/trig.sty
Package: trig 2023/12/02 v1.11 sin cos tan (DPC)
) (/usr/local/texlive/2025/texmf-dist/tex/latex/graphics-cfg/graphics.cfg
File: graphics.cfg 2016/06/04 v1.11 sample graphics configuration
)
Package graphics Info: Driver file: pdftex.def on input line 106.
 (/usr/local/texlive/2025/texmf-dist/tex/latex/graphics-def/pdftex.def
File: pdftex.def 2024/04/13 v1.2c Graphics/color driver for pdftex
))
\Gin@req@height=\dimen182
\Gin@req@width=\dimen183
) (/usr/local/texlive/2025/texmf-dist/tex/latex/float/float.sty
Package: float 2001/11/08 v1.3d Float enhancements (AL)
\c@float@type=\count324
\float@exts=\toks44
\float@box=\box70
\@float@everytoks=\toks45
\@floatcapt=\box71
) (/usr/local/texlive/2025/texmf-dist/tex/latex/caption/caption.sty
Package: caption 2023/08/05 v3.6o Customizing captions (AR)
 (/usr/local/texlive/2025/texmf-dist/tex/latex/caption/caption3.sty
Package: caption3 2023/07/31 v2.4d caption3 kernel (AR)
\caption@tempdima=\dimen184
\captionmargin=\dimen185
\caption@leftmargin=\dimen186
\caption@rightmargin=\dimen187
\caption@width=\dimen188
\caption@indent=\dimen189
\caption@parindent=\dimen190
\caption@hangindent=\dimen191
Package caption Info: Standard document class detected.
)
\c@caption@flags=\count325
\c@continuedfloat=\count326
Package caption Info: float package is loaded.
Package caption Info: longtable package is loaded.
 (/usr/local/texlive/2025/texmf-dist/tex/latex/caption/ltcaption.sty
Package: ltcaption 2021/01/08 v1.4c longtable captions (AR)
)
Package caption Info: threeparttable package is loaded.
) (/usr/local/texlive/2025/texmf-dist/tex/latex/caption/subcaption.sty
Package: subcaption 2023/07/28 v1.6b Sub-captions (AR)
Package caption Info: New subtype `subfigure' on input line 238.
\c@subfigure=\count327
Package caption Info: New subtype `subtable' on input line 238.
\c@subtable=\count328
) (/usr/local/texlive/2025/texmf-dist/tex/latex/xcolor/xcolor.sty
Package: xcolor 2024/09/29 v3.02 LaTeX color extensions (UK)
 (/usr/local/texlive/2025/texmf-dist/tex/latex/graphics-cfg/color.cfg
File: color.cfg 2016/01/02 v1.6 sample color configuration
)
Package xcolor Info: Driver file: pdftex.def on input line 274.
 (/usr/local/texlive/2025/texmf-dist/tex/latex/graphics/mathcolor.ltx)
Package xcolor Info: Model `cmy' substituted by `cmy0' on input line 1349.
Package xcolor Info: Model `hsb' substituted by `rgb' on input line 1353.
Package xcolor Info: Model `RGB' extended on input line 1365.
Package xcolor Info: Model `HTML' substituted by `rgb' on input line 1367.
Package xcolor Info: Model `Hsb' substituted by `hsb' on input line 1368.
Package xcolor Info: Model `tHsb' substituted by `hsb' on input line 1369.
Package xcolor Info: Model `HSB' substituted by `hsb' on input line 1370.
Package xcolor Info: Model `Gray' substituted by `gray' on input line 1371.
Package xcolor Info: Model `wave' substituted by `hsb' on input line 1372.
) (/usr/local/texlive/2025/texmf-dist/tex/latex/graphics/dvipsnam.def
File: dvipsnam.def 2016/06/17 v3.0m Driver-dependent file (DPC,SPQR)
) (/usr/local/texlive/2025/texmf-dist/tex/latex/hyperref/hyperref.sty
Package: hyperref 2024-11-05 v7.01l Hypertext links for LaTeX
 (/usr/local/texlive/2025/texmf-dist/tex/latex/kvsetkeys/kvsetkeys.sty
Package: kvsetkeys 2022-10-05 v1.19 Key value parser (HO)
) (/usr/local/texlive/2025/texmf-dist/tex/generic/kvdefinekeys/kvdefinekeys.sty
Package: kvdefinekeys 2019-12-19 v1.6 Define keys (HO)
) (/usr/local/texlive/2025/texmf-dist/tex/generic/pdfescape/pdfescape.sty
Package: pdfescape 2019/12/09 v1.15 Implements pdfTeX's escape features (HO)
) (/usr/local/texlive/2025/texmf-dist/tex/latex/hycolor/hycolor.sty
Package: hycolor 2020-01-27 v1.10 Color options for hyperref/bookmark (HO)
) (/usr/local/texlive/2025/texmf-dist/tex/latex/hyperref/nameref.sty
Package: nameref 2023-11-26 v2.56 Cross-referencing by name of section
 (/usr/local/texlive/2025/texmf-dist/tex/latex/refcount/refcount.sty
Package: refcount 2019/12/15 v3.6 Data extraction from label references (HO)
) (/usr/local/texlive/2025/texmf-dist/tex/generic/gettitlestring/gettitlestring.sty
Package: gettitlestring 2019/12/15 v1.6 Cleanup title references (HO)
 (/usr/local/texlive/2025/texmf-dist/tex/latex/kvoptions/kvoptions.sty
Package: kvoptions 2022-06-15 v3.15 Key value format for package options (HO)
))
\c@section@level=\count329
) (/usr/local/texlive/2025/texmf-dist/tex/generic/stringenc/stringenc.sty
Package: stringenc 2019/11/29 v1.12 Convert strings between diff. encodings (HO)
)
\@linkdim=\dimen192
\Hy@linkcounter=\count330
\Hy@pagecounter=\count331
 (/usr/local/texlive/2025/texmf-dist/tex/latex/hyperref/pd1enc.def
File: pd1enc.def 2024-11-05 v7.01l Hyperref: PDFDocEncoding definition (HO)
Now handling font encoding PD1 ...
... no UTF-8 mapping file for font encoding PD1
) (/usr/local/texlive/2025/texmf-dist/tex/generic/intcalc/intcalc.sty
Package: intcalc 2019/12/15 v1.3 Expandable calculations with integers (HO)
)
\Hy@SavedSpaceFactor=\count332
 (/usr/local/texlive/2025/texmf-dist/tex/latex/hyperref/puenc.def
File: puenc.def 2024-11-05 v7.01l Hyperref: PDF Unicode definition (HO)
Now handling font encoding PU ...
... no UTF-8 mapping file for font encoding PU
)
Package hyperref Info: Option `colorlinks' set `true' on input line 4040.
Package hyperref Info: Option `unicode' set `true' on input line 4040.
Package hyperref Info: Hyper figures OFF on input line 4157.
Package hyperref Info: Link nesting OFF on input line 4162.
Package hyperref Info: Hyper index ON on input line 4165.
Package hyperref Info: Plain pages OFF on input line 4172.
Package hyperref Info: Backreferencing OFF on input line 4177.
Package hyperref Info: Implicit mode ON; LaTeX internals redefined.
Package hyperref Info: Bookmarks ON on input line 4424.
\c@Hy@tempcnt=\count333
 (/usr/local/texlive/2025/texmf-dist/tex/latex/url/url.sty
\Urlmuskip=\muskip18
Package: url 2013/09/16  ver 3.4  Verb mode for urls, etc.
)
LaTeX Info: Redefining \url on input line 4763.
\XeTeXLinkMargin=\dimen193
 (/usr/local/texlive/2025/texmf-dist/tex/generic/bitset/bitset.sty
Package: bitset 2019/12/09 v1.3 Handle bit-vector datatype (HO)
 (/usr/local/texlive/2025/texmf-dist/tex/generic/bigintcalc/bigintcalc.sty
Package: bigintcalc 2019/12/15 v1.5 Expandable calculations on big integers (HO)
))
\Fld@menulength=\count334
\Field@Width=\dimen194
\Fld@charsize=\dimen195
Package hyperref Info: Hyper figures OFF on input line 6042.
Package hyperref Info: Link nesting OFF on input line 6047.
Package hyperref Info: Hyper index ON on input line 6050.
Package hyperref Info: backreferencing OFF on input line 6057.
Package hyperref Info: Link coloring ON on input line 6060.
Package hyperref Info: Link coloring with OCG OFF on input line 6067.
Package hyperref Info: PDF/A mode OFF on input line 6072.
 (/usr/local/texlive/2025/texmf-dist/tex/latex/base/atbegshi-ltx.sty
Package: atbegshi-ltx 2021/01/10 v1.0c Emulation of the original atbegshi
package with kernel methods
)
\Hy@abspage=\count335
\c@Item=\count336
\c@Hfootnote=\count337
)
Package hyperref Info: Driver (autodetected): hpdftex.
 (/usr/local/texlive/2025/texmf-dist/tex/latex/hyperref/hpdftex.def
File: hpdftex.def 2024-11-05 v7.01l Hyperref driver for pdfTeX
 (/usr/local/texlive/2025/texmf-dist/tex/latex/base/atveryend-ltx.sty
Package: atveryend-ltx 2020/08/19 v1.0a Emulation of the original atveryend package
with kernel methods
)
\Fld@listcount=\count338
\c@bookmark@seq@number=\count339
 (/usr/local/texlive/2025/texmf-dist/tex/latex/rerunfilecheck/rerunfilecheck.sty
Package: rerunfilecheck 2022-07-10 v1.10 Rerun checks for auxiliary files (HO)
 (/usr/local/texlive/2025/texmf-dist/tex/generic/uniquecounter/uniquecounter.sty
Package: uniquecounter 2019/12/15 v1.4 Provide unlimited unique counter (HO)
)
Package uniquecounter Info: New unique counter `rerunfilecheck' on input line 285.
)
\Hy@SectionHShift=\skip79
) (/usr/local/texlive/2025/texmf-dist/tex/generic/stringenc/se-pdfdoc.def
File: se-pdfdoc.def 2019/11/29 v1.12 stringenc: PDFDocEncoding
) (/usr/local/texlive/2025/texmf-dist/tex/latex/biblatex/biblatex.sty
Package: biblatex 2024/03/21 v3.20 programmable bibliographies (PK/MW)
 (/usr/local/texlive/2025/texmf-dist/tex/latex/logreq/logreq.sty
Package: logreq 2010/08/04 v1.0 xml request logger
\lrq@indent=\count340
 (/usr/local/texlive/2025/texmf-dist/tex/latex/logreq/logreq.def
File: logreq.def 2010/08/04 v1.0 logreq spec v1.0
)) (/usr/local/texlive/2025/texmf-dist/tex/latex/base/ifthen.sty
Package: ifthen 2024/03/16 v1.1e Standard LaTeX ifthen package (DPC)
)
\c@tabx@nest=\count341
\c@listtotal=\count342
\c@listcount=\count343
\c@liststart=\count344
\c@liststop=\count345
\c@citecount=\count346
\c@citetotal=\count347
\c@multicitecount=\count348
\c@multicitetotal=\count349
\c@instcount=\count350
\c@maxnames=\count351
\c@minnames=\count352
\c@maxitems=\count353
\c@minitems=\count354
\c@citecounter=\count355
\c@maxcitecounter=\count356
\c@savedcitecounter=\count357
\c@uniquelist=\count358
\c@uniquename=\count359
\c@refsection=\count360
\c@refsegment=\count361
\c@maxextratitle=\count362
\c@maxextratitleyear=\count363
\c@maxextraname=\count364
\c@maxextradate=\count365
\c@maxextraalpha=\count366
\c@abbrvpenalty=\count367
\c@highnamepenalty=\count368
\c@lownamepenalty=\count369
\c@maxparens=\count370
\c@parenlevel=\count371
\blx@tempcnta=\count372
\blx@tempcntb=\count373
\blx@tempcntc=\count374
\c@blx@maxsection=\count375
\blx@maxsegment@0=\count376
\blx@notetype=\count377
\blx@parenlevel@text=\count378
\blx@parenlevel@foot=\count379
\blx@sectionciteorder@0=\count380
\blx@sectionciteorderinternal@0=\count381
\blx@entrysetcounter=\count382
\blx@biblioinstance=\count383
\labelnumberwidth=\skip80
\labelalphawidth=\skip81
\biblabelsep=\skip82
\bibitemsep=\skip83
\bibnamesep=\skip84
\bibinitsep=\skip85
\bibparsep=\skip86
\bibhang=\skip87
\blx@bcfin=\read3
\blx@bcfout=\write3
\blx@langwohyphens=\language91
\c@mincomprange=\count384
\c@maxcomprange=\count385
\c@mincompwidth=\count386
Package biblatex Info: Trying to load biblatex default data model...
Package biblatex Info: ... file 'blx-dm.def' found.
 (/usr/local/texlive/2025/texmf-dist/tex/latex/biblatex/blx-dm.def
File: blx-dm.def 2024/03/21 v3.20 biblatex datamodel (PK/MW)
)
Package biblatex Info: Trying to load biblatex style data model...
Package biblatex Info: ... file 'apa.dbx' found.
 (/usr/local/texlive/2025/texmf-dist/tex/latex/biblatex-apa/apa.dbx
File: apa.dbx 2023/03/20 v9.17 APA biblatex style data model
)
Package biblatex Info: Trying to load biblatex custom data model...
Package biblatex Info: ... file 'biblatex-dm.cfg' not found.
\c@afterword=\count387
\c@savedafterword=\count388
\c@annotator=\count389
\c@savedannotator=\count390
\c@author=\count391
\c@savedauthor=\count392
\c@bookauthor=\count393
\c@savedbookauthor=\count394
\c@commentator=\count395
\c@savedcommentator=\count396
\c@editor=\count397
\c@savededitor=\count398
\c@editora=\count399
\c@savededitora=\count400
\c@editorb=\count401
\c@savededitorb=\count402
\c@editorc=\count403
\c@savededitorc=\count404
\c@foreword=\count405
\c@savedforeword=\count406
\c@holder=\count407
\c@savedholder=\count408
\c@introduction=\count409
\c@savedintroduction=\count410
\c@namea=\count411
\c@savednamea=\count412
\c@nameb=\count413
\c@savednameb=\count414
\c@namec=\count415
\c@savednamec=\count416
\c@translator=\count417
\c@savedtranslator=\count418
\c@shortauthor=\count419
\c@savedshortauthor=\count420
\c@shorteditor=\count421
\c@savedshorteditor=\count422
\c@narrator=\count423
\c@savednarrator=\count424
\c@execproducer=\count425
\c@savedexecproducer=\count426
\c@execdirector=\count427
\c@savedexecdirector=\count428
\c@with=\count429
\c@savedwith=\count430
\c@labelname=\count431
\c@savedlabelname=\count432
\c@institution=\count433
\c@savedinstitution=\count434
\c@lista=\count435
\c@savedlista=\count436
\c@listb=\count437
\c@savedlistb=\count438
\c@listc=\count439
\c@savedlistc=\count440
\c@listd=\count441
\c@savedlistd=\count442
\c@liste=\count443
\c@savedliste=\count444
\c@listf=\count445
\c@savedlistf=\count446
\c@location=\count447
\c@savedlocation=\count448
\c@organization=\count449
\c@savedorganization=\count450
\c@origlocation=\count451
\c@savedoriglocation=\count452
\c@origpublisher=\count453
\c@savedorigpublisher=\count454
\c@publisher=\count455
\c@savedpublisher=\count456
\c@language=\count457
\c@savedlanguage=\count458
\c@origlanguage=\count459
\c@savedoriglanguage=\count460
\c@citation=\count461
\c@savedcitation=\count462
\c@pageref=\count463
\c@savedpageref=\count464
\shorthandwidth=\skip88
\shortjournalwidth=\skip89
\shortserieswidth=\skip90
\shorttitlewidth=\skip91
\shortauthorwidth=\skip92
\shorteditorwidth=\skip93
\locallabelnumberwidth=\skip94
\locallabelalphawidth=\skip95
\localshorthandwidth=\skip96
\localshortjournalwidth=\skip97
\localshortserieswidth=\skip98
\localshorttitlewidth=\skip99
\localshortauthorwidth=\skip100
\localshorteditorwidth=\skip101
Package biblatex Info: Trying to load compatibility code...
Package biblatex Info: ... file 'blx-compat.def' found.
 (/usr/local/texlive/2025/texmf-dist/tex/latex/biblatex/blx-compat.def
File: blx-compat.def 2024/03/21 v3.20 biblatex compatibility (PK/MW)
)
Package biblatex Info: Trying to load generic definitions...
Package biblatex Info: ... file 'biblatex.def' found.
 (/usr/local/texlive/2025/texmf-dist/tex/latex/biblatex/biblatex.def
File: biblatex.def 2024/03/21 v3.20 biblatex compatibility (PK/MW)
\c@textcitecount=\count465
\c@textcitetotal=\count466
\c@textcitemaxnames=\count467
\c@biburlbigbreakpenalty=\count468
\c@biburlbreakpenalty=\count469
\c@biburlnumpenalty=\count470
\c@biburlucpenalty=\count471
\c@biburllcpenalty=\count472
\biburlbigskip=\muskip19
\biburlnumskip=\muskip20
\biburlucskip=\muskip21
\biburllcskip=\muskip22
\c@smartand=\count473
)
Package biblatex Info: Trying to load bibliography style 'apa'...
Package biblatex Info: ... file 'apa.bbx' found.
 (/usr/local/texlive/2025/texmf-dist/tex/latex/biblatex-apa/apa.bbx
File: apa.bbx 2023/03/20 v9.17 APA biblatex references style
Package biblatex Info: Trying to load bibliography style 'standard'...
Package biblatex Info: ... file 'standard.bbx' found.
 (/usr/local/texlive/2025/texmf-dist/tex/latex/biblatex/bbx/standard.bbx
File: standard.bbx 2024/03/21 v3.20 biblatex bibliography style (PK/MW)
\c@bbx:relatedcount=\count474
\c@bbx:relatedtotal=\count475
)
Package biblatex Info: Delimiter 'nameyeardelim' in context 'bib' already defined, overwriting.
Package biblatex Info: Delimiter 'nameyeardelim' in context 'biblist' already defined, overwriting.
Package biblatex Info: Delimiter 'nonameyeardelim' in context 'bib' already defined, overwriting.
Package biblatex Info: Delimiter 'nonameyeardelim' in context 'biblist' already defined, overwriting.
)
Package biblatex Info: Trying to load citation style 'apa'...
Package biblatex Info: ... file 'apa.cbx' found.
 (/usr/local/texlive/2025/texmf-dist/tex/latex/biblatex-apa/apa.cbx
File: apa.cbx 2023/03/20 v9.17 APA biblatex citation style
Package biblatex Info: Delimiter 'nameyeardelim' in context '' already defined, overwriting.
Package biblatex Info: Delimiter 'andothersdelim' in context '' already defined, overwriting.
Package biblatex Info: Redefining '\fullcite'.
Package biblatex Info: Redefining '\citeauthor'.
Package biblatex Info: Redefining '\citeyear'.
Package biblatex Info: Redefining '\cite'.
Package biblatex Info: Redefining '\cites'.
Package biblatex Info: Redefining '\parencite'.
Package biblatex Info: Redefining '\parencites'.
Package biblatex Info: Redefining '\footcite'.
Package biblatex Info: Redefining '\footcites'.
Package biblatex Info: Redefining '\footcitetext'.
Package biblatex Info: Redefining '\footcitetexts'.
Package biblatex Info: Redefining '\smartcite'.
Package biblatex Info: Redefining '\smartcites'.
Package biblatex Info: Redefining '\textcite'.
Package biblatex Info: Redefining '\textcites'.
)
Package biblatex Info: Trying to load configuration file...
Package biblatex Info: ... file 'biblatex.cfg' found.
 (/usr/local/texlive/2025/texmf-dist/tex/latex/biblatex/biblatex.cfg
File: biblatex.cfg 
)
Package biblatex Info: Input encoding 'utf8' detected.
Package biblatex Info: Document encoding is UTF8 ....
 (/usr/local/texlive/2025/texmf-dist/tex/latex/l3kernel/expl3.sty
Package: expl3 2025-01-18 L3 programming layer (loader) 
 (/usr/local/texlive/2025/texmf-dist/tex/latex/l3backend/l3backend-pdftex.def
File: l3backend-pdftex.def 2024-05-08 L3 backend support: PDF output (pdfTeX)
\l__color_backend_stack_int=\count476
\l__pdf_internal_box=\box72
))
Package biblatex Info: ... and expl3
(biblatex)             2025-01-18 L3 programming layer (loader) 
(biblatex)             is new enough (at least 2020/04/06),
(biblatex)             setting 'casechanger=expl3'.
 (/usr/local/texlive/2025/texmf-dist/tex/latex/biblatex/blx-case-expl3.sty (/usr/local/texlive/2025/texmf-dist/tex/latex/l3packages/xparse/xparse.sty
Package: xparse 2024-08-16 L3 Experimental document command parser
)
Package: blx-case-expl3 2024/03/21 v3.20 expl3 case changing code for biblatex
)) (/usr/local/texlive/2025/texmf-dist/tex/latex/enumitem/enumitem.sty
Package: enumitem 2025/02/06 v3.11 Customized lists
\labelindent=\skip102
\enit@outerparindent=\dimen196
\enit@toks=\toks46
\enit@inbox=\box73
\enit@count@id=\count477
\enitdp@description=\count478
) (/usr/local/texlive/2025/texmf-dist/tex/latex/placeins/placeins.sty
Package: placeins 2005/04/18  v 2.2
) (/usr/local/texlive/2025/texmf-dist/tex/latex/csquotes/csquotes.sty
Package: csquotes 2024-04-04 v5.2o context-sensitive quotations (JAW)
\csq@reset=\count479
\csq@gtype=\count480
\csq@glevel=\count481
\csq@qlevel=\count482
\csq@maxlvl=\count483
\csq@tshold=\count484
\csq@ltx@everypar=\toks47
 (/usr/local/texlive/2025/texmf-dist/tex/latex/csquotes/csquotes.def
File: csquotes.def 2024-04-04 v5.2o csquotes generic definitions (JAW)
)
Package csquotes Info: Trying to load configuration file 'csquotes.cfg'...
Package csquotes Info: ... configuration file loaded successfully.
 (/usr/local/texlive/2025/texmf-dist/tex/latex/csquotes/csquotes.cfg
File: csquotes.cfg 
)) (/usr/local/texlive/2025/texmf-dist/tex/latex/titlesec/titlesec.sty
Package: titlesec 2025/01/04 v2.17 Sectioning titles
\ttl@box=\box74
\beforetitleunit=\skip103
\aftertitleunit=\skip104
\ttl@plus=\dimen197
\ttl@minus=\dimen198
\ttl@toksa=\toks48
\titlewidth=\dimen199
\titlewidthlast=\dimen256
\titlewidthfirst=\dimen257
) (/usr/local/texlive/2025/texmf-dist/tex/latex/tocloft/tocloft.sty
Package: tocloft 2017/08/31 v2.3i parameterised ToC, etc., typesetting
Package tocloft Info: The document has chapter divisions on input line 51.
\cftparskip=\skip105
\cftbeforetoctitleskip=\skip106
\cftaftertoctitleskip=\skip107
\cftbeforepartskip=\skip108
\cftpartnumwidth=\skip109
\cftpartindent=\skip110
\cftbeforechapskip=\skip111
\cftchapindent=\skip112
\cftchapnumwidth=\skip113
\cftbeforesecskip=\skip114
\cftsecindent=\skip115
\cftsecnumwidth=\skip116
\cftbeforesubsecskip=\skip117
\cftsubsecindent=\skip118
\cftsubsecnumwidth=\skip119
\cftbeforesubsubsecskip=\skip120
\cftsubsubsecindent=\skip121
\cftsubsubsecnumwidth=\skip122
\cftbeforeparaskip=\skip123
\cftparaindent=\skip124
\cftparanumwidth=\skip125
\cftbeforesubparaskip=\skip126
\cftsubparaindent=\skip127
\cftsubparanumwidth=\skip128
\cftbeforeloftitleskip=\skip129
\cftafterloftitleskip=\skip130
\cftbeforefigskip=\skip131
\cftfigindent=\skip132
\cftfignumwidth=\skip133
\c@lofdepth=\count485
\c@lotdepth=\count486
\cftbeforelottitleskip=\skip134
\cftafterlottitleskip=\skip135
\cftbeforetabskip=\skip136
\cfttabindent=\skip137
\cfttabnumwidth=\skip138
)
Package csquotes Info: Checking for multilingual support...
Package csquotes Info: ... found 'babel' package.
Package csquotes Info: Adjusting default style.
Package csquotes Info: Redefining alias 'default' -> 'spanish'.
LaTeX Font Info:    Trying to load font information for T1+lmr on input line 255.
 (/usr/local/texlive/2025/texmf-dist/tex/latex/lm/t1lmr.fd
File: t1lmr.fd 2015/05/01 v1.6.1 Font defs for Latin Modern
) (./main.aux)
\openout1 = `main.aux'.

LaTeX Font Info:    Checking defaults for OML/cmm/m/it on input line 255.
LaTeX Font Info:    ... okay on input line 255.
LaTeX Font Info:    Checking defaults for OMS/cmsy/m/n on input line 255.
LaTeX Font Info:    ... okay on input line 255.
LaTeX Font Info:    Checking defaults for OT1/cmr/m/n on input line 255.
LaTeX Font Info:    ... okay on input line 255.
LaTeX Font Info:    Checking defaults for T1/cmr/m/n on input line 255.
LaTeX Font Info:    ... okay on input line 255.
LaTeX Font Info:    Checking defaults for TS1/cmr/m/n on input line 255.
LaTeX Font Info:    ... okay on input line 255.
LaTeX Font Info:    Checking defaults for OMX/cmex/m/n on input line 255.
LaTeX Font Info:    ... okay on input line 255.
LaTeX Font Info:    Checking defaults for U/cmr/m/n on input line 255.
LaTeX Font Info:    ... okay on input line 255.
LaTeX Font Info:    Checking defaults for PD1/pdf/m/n on input line 255.
LaTeX Font Info:    ... okay on input line 255.
LaTeX Font Info:    Checking defaults for PU/pdf/m/n on input line 255.
LaTeX Font Info:    ... okay on input line 255.
LaTeX Info: Redefining \. on input line 255.
LaTeX Info: Redefining \% on input line 255.

*geometry* driver: auto-detecting
*geometry* detected driver: pdftex
*geometry* verbose mode - [ preamble ] result:
* driver: pdftex
* paper: a4paper
* layout: <same size as paper>
* layoutoffset:(h,v)=(0.0pt,0.0pt)
* modes: twoside 
* h-part:(L,W,R)=(65.44142pt, 480.85141pt, 51.21504pt)
* v-part:(T,H,B)=(51.21504pt, 742.61676pt, 51.21504pt)
* \paperwidth=597.50787pt
* \paperheight=845.04684pt
* \textwidth=480.85141pt
* \textheight=742.61676pt
* \oddsidemargin=-6.82857pt
* \evensidemargin=-21.05495pt
* \topmargin=-70.05495pt
* \headheight=24.0pt
* \headsep=25.0pt
* \topskip=12.0pt
* \footskip=30.0pt
* \marginparwidth=85.0pt
* \marginparsep=10.0pt
* \columnsep=10.0pt
* \skip\footins=10.8pt plus 4.0pt minus 2.0pt
* \hoffset=0.0pt
* \voffset=0.0pt
* \mag=1000
* \@twocolumnfalse
* \@twosidetrue
* \@mparswitchtrue
* \@reversemarginfalse
* (1in=72.27pt=25.4mm, 1cm=28.453pt)

(/usr/local/texlive/2025/texmf-dist/tex/latex/translations/translations-basic-dictionary-spanish.trsl
File: translations-basic-dictionary-spanish.trsl (spanish translation file `translations-basic-dictionary')
)
Package translations Info: loading dictionary `translations-basic-dictionary' for `spanish'. on input line 255.
 (/usr/local/texlive/2025/texmf-dist/tex/context/base/mkii/supp-pdf.mkii
[Loading MPS to PDF converter (version 2006.09.02).]
\scratchcounter=\count487
\scratchdimen=\dimen258
\scratchbox=\box75
\nofMPsegments=\count488
\nofMParguments=\count489
\everyMPshowfont=\toks49
\MPscratchCnt=\count490
\MPscratchDim=\dimen259
\MPnumerator=\count491
\makeMPintoPDFobject=\count492
\everyMPtoPDFconversion=\toks50
) (/usr/local/texlive/2025/texmf-dist/tex/latex/epstopdf-pkg/epstopdf-base.sty
Package: epstopdf-base 2020-01-24 v2.11 Base part for package epstopdf
Package epstopdf-base Info: Redefining graphics rule for `.eps' on input line 485.
 (/usr/local/texlive/2025/texmf-dist/tex/latex/latexconfig/epstopdf-sys.cfg
File: epstopdf-sys.cfg 2010/07/13 v1.3 Configuration of (r)epstopdf for TeX Live
))
Package caption Info: Begin \AtBeginDocument code.
Package caption Info: hyperref package is loaded.
Package caption Info: End \AtBeginDocument code.
Package hyperref Info: Link coloring ON on input line 255.
\@outlinefile=\write4
\openout4 = `main.out'.

Package biblatex Info: Trying to load language 'spanish' -> 'spanish-apa'...
Package biblatex Info: ... file 'spanish-apa.lbx' found.
 (/usr/local/texlive/2025/texmf-dist/tex/latex/biblatex-apa/spanish-apa.lbx
File: spanish-apa.lbx 2023/03/20 v9.17 APA biblatex localisation
Package biblatex Info: Trying to load language 'spanish'...
Package biblatex Info: ... file 'spanish.lbx' found.
 (/usr/local/texlive/2025/texmf-dist/tex/latex/biblatex/lbx/spanish.lbx
File: spanish.lbx 2024/03/21 v3.20 biblatex localization (PK/MW)
)
Package biblatex Info: Trying to load language 'spanish'...
Package biblatex Info: ... file 'spanish.lbx' found.
 (/usr/local/texlive/2025/texmf-dist/tex/latex/biblatex/lbx/spanish.lbx
File: spanish.lbx 2024/03/21 v3.20 biblatex localization (PK/MW)
))
Package biblatex Info: Input encoding 'utf8' detected.
Package biblatex Info: Automatic encoding selection.
(biblatex)             Assuming data encoding 'utf8'.
\openout3 = `main.bcf'.

Package biblatex Info: Trying to load bibliographic data...
Package biblatex Info: ... file 'main.bbl' not found.

No file main.bbl.
Package biblatex Info: Reference section=0 on input line 255.
Package biblatex Info: Reference segment=0 on input line 255.
<./figuras/logo_facultad.png.png, id=4, 467.127pt x 104.1345pt>
File: ./figuras/logo_facultad.png.png Graphic file (type png)
<use ./figuras/logo_facultad.png.png>
Package pdftex.def Info: ./figuras/logo_facultad.png.png  used on input line 257.
(pdftex.def)             Requested size: 432.76332pt x 96.47385pt.

Underfull \vbox (badness 10000) has occurred while \output is active []



[1

{/usr/local/texlive/2025/texmf-var/fonts/map/pdftex/updmap/pdftex.map}{/usr/local/texlive/2025/texmf-dist/fonts/enc/dvips/lm/lm-ec.enc} <./figuras/logo_facultad.png.png>]
LaTeX Font Info:    Trying to load font information for OT1+lmr on input line 257.
 (/usr/local/texlive/2025/texmf-dist/tex/latex/lm/ot1lmr.fd
File: ot1lmr.fd 2015/05/01 v1.6.1 Font defs for Latin Modern
)
LaTeX Font Info:    Trying to load font information for OML+lmm on input line 257.
 (/usr/local/texlive/2025/texmf-dist/tex/latex/lm/omllmm.fd
File: omllmm.fd 2015/05/01 v1.6.1 Font defs for Latin Modern
)
LaTeX Font Info:    Trying to load font information for OMS+lmsy on input line 257.
 (/usr/local/texlive/2025/texmf-dist/tex/latex/lm/omslmsy.fd
File: omslmsy.fd 2015/05/01 v1.6.1 Font defs for Latin Modern
)
LaTeX Font Info:    Trying to load font information for OMX+lmex on input line 257.
 (/usr/local/texlive/2025/texmf-dist/tex/latex/lm/omxlmex.fd
File: omxlmex.fd 2015/05/01 v1.6.1 Font defs for Latin Modern
)
LaTeX Font Info:    External font `lmex10' loaded for size
(Font)              <10.95> on input line 257.
LaTeX Font Info:    External font `lmex10' loaded for size
(Font)              <8> on input line 257.
LaTeX Font Info:    External font `lmex10' loaded for size
(Font)              <6> on input line 257.
LaTeX Font Info:    Trying to load font information for U+msa on input line 257.
 (/usr/local/texlive/2025/texmf-dist/tex/latex/amsfonts/umsa.fd
File: umsa.fd 2013/01/14 v3.01 AMS symbols A
)
LaTeX Font Info:    Trying to load font information for U+msb on input line 257.
 (/usr/local/texlive/2025/texmf-dist/tex/latex/amsfonts/umsb.fd
File: umsb.fd 2013/01/14 v3.01 AMS symbols B
)

[2]
LaTeX Font Info:    External font `lmex10' loaded for size
(Font)              <12> on input line 268.

No file main.toc.
\tf@toc=\write5
\openout5 = `main.toc'.

No file main.lot.
\tf@lot=\write6
\openout6 = `main.lot'.

No file main.lof.
\tf@lof=\write7
\openout7 = `main.lof'.

(./capitulos/cap01_introduccion.tex

[3

{/usr/local/texlive/2025/texmf-dist/fonts/enc/dvips/lm/lm-mathit.enc}{/usr/local/texlive/2025/texmf-dist/fonts/enc/dvips/lm/lm-mathsy.enc}{/usr/local/texlive/2025/texmf-dist/fonts/enc/dvips/lm/lm-rm.enc}]
Cap\'{\i }tulo 1.

LaTeX Warning: Citation 'Grossman1972' on page 4 undefined on input line 49.


LaTeX Warning: Citation '' on page 4 undefined on input line 49.


LaTeX Warning: Citation 'Propper2000' on page 4 undefined on input line 51.


LaTeX Warning: Citation 'Besley1999' on page 4 undefined on input line 51.


Overfull \hbox (25.71pt too wide) in paragraph at lines 49--56
[]\T1/lmr/m/n/12 Esta pers-pec-ti-va co-nec-ta di-rec-ta-men-te con la pro-pues-ta de [][]
 []



[4

]

LaTeX Info: Redefining \. on input line 124.
LaTeX Info: Redefining \% on input line 124.
[5]

LaTeX Warning: Reference `cap:contexto' on page 6 undefined on input line 124.


LaTeX Warning: Reference `cap:teoria' on page 6 undefined on input line 127.


LaTeX Warning: Reference `cap:datos' on page 6 undefined on input line 129.


LaTeX Warning: Reference `cap:metodologia' on page 6 undefined on input line 131.


LaTeX Warning: Reference `cap:resultados' on page 6 undefined on input line 134.


LaTeX Warning: Reference `cap:discusion' on page 6 undefined on input line 136.


LaTeX Warning: Reference `cap:limitaciones' on page 6 undefined on input line 138.


LaTeX Warning: Reference `cap:conclusiones' on page 6 undefined on input line 140.

) (./capitulos/cap02_marco_institucional.tex

LaTeX Info: Redefining \. on input line 4.
LaTeX Info: Redefining \% on input line 4.
[6]
Cap\'{\i }tulo 2.
LaTeX Font Info:    Trying to load font information for TS1+lmr on input line 59.
(/usr/local/texlive/2025/texmf-dist/tex/latex/lm/ts1lmr.fd
File: ts1lmr.fd 2015/05/01 v1.6.1 Font defs for Latin Modern
)

[7

{/usr/local/texlive/2025/texmf-dist/fonts/enc/dvips/lm/lm-ts1.enc}]

LaTeX Info: Redefining \. on input line 123.
LaTeX Info: Redefining \% on input line 123.
[8]

LaTeX Warning: Reference `tab:espera_ccaa' on page 9 undefined on input line 148.

LaTeX Font Info:    External font `lmex10' loaded for size
(Font)              <10> on input line 172.
LaTeX Font Info:    External font `lmex10' loaded for size
(Font)              <7> on input line 172.
LaTeX Font Info:    External font `lmex10' loaded for size
(Font)              <5> on input line 172.


LaTeX Info: Redefining \. on input line 196.
LaTeX Info: Redefining \% on input line 196.
[9]

LaTeX Warning: Citation 'Hirschman1970' on page 10 undefined on input line 239.


LaTeX Warning: Citation '' on page 10 undefined on input line 239.



LaTeX Info: Redefining \. on input line 260.
LaTeX Info: Redefining \% on input line 260.
[10]

LaTeX Warning: Reference `cap:teoria' on page 11 undefined on input line 280.


LaTeX Warning: Reference `cap:datos' on page 11 undefined on input line 281.


LaTeX Warning: Reference `cap:metodologia' on page 11 undefined on input line 282.


LaTeX Warning: Reference `cap:resultados' on page 11 undefined on input line 282.

) (./capitulos/cap03_marco_teorico.tex

LaTeX Info: Redefining \. on input line 4.
LaTeX Info: Redefining \% on input line 4.
[11]
Cap\'{\i }tulo 3.

LaTeX Warning: Citation 'Grossman1972' on page 12 undefined on input line 41.


LaTeX Warning: Citation '' on page 12 undefined on input line 41.


Overfull \hbox (40.10954pt too wide) in paragraph at lines 40--47
[]\T1/lmr/m/n/12 Siguiendo la tra-di-ción de la eco-no-mía de la sa-lud ini-cia-da por [][],
 []



[12

]

LaTeX Warning: Citation 'Little1961' on page 13 undefined on input line 130.



LaTeX Info: Redefining \. on input line 138.
LaTeX Info: Redefining \% on input line 138.

Package fancyhdr Warning: \headheight is too small (24.0pt): 
(fancyhdr)                Make it at least 25.2232pt, for example:
(fancyhdr)                \setlength{\headheight}{25.2232pt}.
(fancyhdr)                You might also make \topmargin smaller:
(fancyhdr)                \addtolength{\topmargin}{-1.2232pt}.

[13{/usr/local/texlive/2025/texmf-dist/fonts/enc/dvips/lm/lm-mathex.enc}]
LaTeX Font Info:    External font `lmex10' loaded for size
(Font)              <14.4> on input line 156.


LaTeX Warning: Citation 'Kahneman1979' on page 14 undefined on input line 169.



LaTeX Info: Redefining \. on input line 210.
LaTeX Info: Redefining \% on input line 210.
[14]

LaTeX Warning: Reference `cap:resultados' on page 15 undefined on input line 259.

) (./capitulos/cap04_datos.tex

LaTeX Info: Redefining \. on input line 4.
LaTeX Info: Redefining \% on input line 4.
[15]
Cap\'{\i }tulo 4.

LaTeX Warning: Citation 'INE_EPF' on page 16 undefined on input line 31.


LaTeX Warning: Citation 'INE_CRE' on page 16 undefined on input line 51.


LaTeX Warning: Citation 'MinSanidad' on page 16 undefined on input line 62.



[16

]

LaTeX Warning: Reference `cap:teoria' on page 17 undefined on input line 67.


LaTeX Warning: Citation 'INE_CRE' on page 17 undefined on input line 75.


LaTeX Warning: Reference `tab:descriptivos' on page 17 undefined on input line 83.

LaTeX Font Info:    Trying to load font information for T1+lmtt on input line 126.
(/usr/local/texlive/2025/texmf-dist/tex/latex/lm/t1lmtt.fd
File: t1lmtt.fd 2015/05/01 v1.6.1 Font defs for Latin Modern
)
Overfull \hbox (82.64323pt too wide) in paragraph at lines 94--139
 [] 
 []



LaTeX Info: Redefining \. on input line 159.
LaTeX Info: Redefining \% on input line 159.
[17]

LaTeX Warning: Reference `fig:scatter' on page 18 undefined on input line 188.

<./figuras/scatter_pib_gasto.png, id=173, 643.6045pt x 434.0215pt>
File: ./figuras/scatter_pib_gasto.png Graphic file (type png)
<use ./figuras/scatter_pib_gasto.png>
Package pdftex.def Info: ./figuras/scatter_pib_gasto.png  used on input line 196.
(pdftex.def)             Requested size: 408.72662pt x 275.62708pt.


LaTeX Info: Redefining \. on input line 230.
LaTeX Info: Redefining \% on input line 230.
[18]) (./capitulos/cap05_metodologia.tex

LaTeX Info: Redefining \. on input line 4.
LaTeX Info: Redefining \% on input line 4.
[19 <./figuras/scatter_pib_gasto.png>]
Cap\'{\i }tulo 5.

LaTeX Warning: Reference `cap:teoria' on page 20 undefined on input line 13.


LaTeX Warning: Reference `sec:hausman' on page 20 undefined on input line 72.



[20

]

LaTeX Warning: Reference `eq:modelo_base' on page 21 undefined on input line 82.


LaTeX Warning: Citation 'Im2003' on page 21 undefined on input line 85.


LaTeX Warning: Citation 'Pedroni1999' on page 21 undefined on input line 105.


LaTeX Warning: Citation 'Pedroni2004' on page 21 undefined on input line 105.


LaTeX Warning: Citation '' on page 21 undefined on input line 105.


LaTeX Warning: Citation 'Kao1999' on page 21 undefined on input line 105.


LaTeX Warning: Citation '' on page 21 undefined on input line 105.


Overfull \hbox (71.34369pt too wide) in paragraph at lines 102--106
\T1/lmr/m/n/12 can los con-tras-tes de []; [][] y de [][]: 
 []


LaTeX Warning: Reference `eq:modelo_base' on page 21 undefined on input line 116.


LaTeX Warning: Citation 'Hausman1978' on page 21 undefined on input line 121.



LaTeX Info: Redefining \. on input line 158.
LaTeX Info: Redefining \% on input line 158.
[21]

LaTeX Warning: Citation 'Cameron2015' on page 22 undefined on input line 204.


LaTeX Warning: Reference `tab:sintesis_metod' on page 22 undefined on input line 222.


Underfull \hbox (badness 7186) in paragraph at lines 253--253
[]|\T1/lmr/m/n/10.95 Panel (17 CCAA,
 []


Underfull \hbox (badness 3471) in paragraph at lines 253--253
[]|\T1/lmr/m/n/10.95 No li-nea-li-dad (M1-U,
 []


Underfull \hbox (badness 1033) in paragraph at lines 253--253
[]|\T1/lmr/m/n/10.95 Persistencia (M3, M3-
 []


Underfull \hbox (badness 10000) in paragraph at lines 253--253
[]|\T1/lmr/m/n/10.95 Errores agru-pa-dos
 []

) (./capitulos/cap06_resultados.tex

LaTeX Info: Redefining \. on input line 4.
LaTeX Info: Redefining \% on input line 4.
[22]

LaTeX Info: Redefining \. on input line 4.
LaTeX Info: Redefining \% on input line 4.
[23]
Cap\'{\i }tulo 6.

LaTeX Warning: Reference `cap:introduccion' on page 24 undefined on input line 17.


LaTeX Warning: Reference `tab:resultados' on page 24 undefined on input line 23.


Overfull \hbox (4.25pt too wide) detected at line 77
 \T1/lmr/m/n/8 * 
 []


Overfull \hbox (12.75pt too wide) detected at line 77
 \T1/lmr/m/n/8 *** 
 []


Overfull \hbox (4.25pt too wide) detected at line 77
 \T1/lmr/m/n/8 * 
 []


Overfull \hbox (4.25pt too wide) detected at line 77
 \T1/lmr/m/n/8 * 
 []


Overfull \hbox (8.5pt too wide) detected at line 77
 \T1/lmr/m/n/8 ** 
 []


Overfull \hbox (4.25pt too wide) detected at line 77
 \T1/lmr/m/n/8 * 
 []


Overfull \hbox (12.75pt too wide) detected at line 77
 \T1/lmr/m/n/8 *** 
 []


Overfull \hbox (12.75pt too wide) detected at line 77
 \T1/lmr/m/n/8 *** 
 []


Overfull \hbox (12.75pt too wide) detected at line 77
 \T1/lmr/m/n/8 *** 
 []


Overfull \hbox (8.5pt too wide) detected at line 77
 \T1/lmr/m/n/8 ** 
 []


Overfull \hbox (12.75pt too wide) detected at line 77
 \T1/lmr/m/n/8 *** 
 []


Overfull \hbox (12.75pt too wide) detected at line 77
 \T1/lmr/m/n/8 *** 
 []


Overfull \hbox (8.5pt too wide) detected at line 77
 \T1/lmr/m/n/8 ** 
 []


Overfull \hbox (8.5pt too wide) detected at line 77
 \T1/lmr/m/n/8 ** 
 []


Overfull \hbox (4.25pt too wide) detected at line 77
 \T1/lmr/m/n/8 * 
 []


Overfull \hbox (4.25pt too wide) detected at line 77
 \T1/lmr/m/n/8 * 
 []


Overfull \hbox (12.75pt too wide) detected at line 77
 \T1/lmr/m/n/8 *** 
 []


Overfull \hbox (4.25pt too wide) detected at line 77
 \T1/lmr/m/n/8 * 
 []


Overfull \hbox (12.75pt too wide) detected at line 77
 \T1/lmr/m/n/8 *** 
 []



[24

]

LaTeX Info: Redefining \. on input line 139.
LaTeX Info: Redefining \% on input line 139.
[25]

LaTeX Warning: Reference `sec:h4' on page 26 undefined on input line 142.



LaTeX Info: Redefining \. on input line 217.
LaTeX Info: Redefining \% on input line 217.
[26]

LaTeX Warning: Reference `tab:resultados' on page 27 undefined on input line 244.


LaTeX Warning: Reference `tab:hipotesis' on page 27 undefined on input line 257.


Overfull \hbox (14.9886pt too wide) in paragraph at lines 264--295
 [] 
 []

) (./capitulos/cap07_discusion.tex

LaTeX Info: Redefining \. on input line 4.
LaTeX Info: Redefining \% on input line 4.
[27]
Cap\'{\i }tulo 7.

LaTeX Warning: Reference `cap:resultados' on page 28 undefined on input line 11.


LaTeX Warning: Citation 'Hirschman1970' on page 28 undefined on input line 41.


LaTeX Warning: Citation '' on page 28 undefined on input line 41.


Overfull \hbox (93.06734pt too wide) in paragraph at lines 38--45
\T1/lmr/bx/n/12 ción cre-cien-te \T1/lmr/m/n/12 del sis-te-ma sa-ni-ta-rio. Es-te pa-trón es com-pa-ti-ble con lo que [][]
 []



[28

]

LaTeX Warning: Citation 'Propper2000' on page 29 undefined on input line 122.


LaTeX Warning: Citation '' on page 29 undefined on input line 122.


LaTeX Warning: Citation 'Besley1999' on page 29 undefined on input line 126.


LaTeX Warning: Citation '' on page 29 undefined on input line 126.



LaTeX Info: Redefining \. on input line 129.
LaTeX Info: Redefining \% on input line 129.
[29]) (./capitulos/cap08_limitaciones.tex

LaTeX Info: Redefining \. on input line 4.
LaTeX Info: Redefining \% on input line 4.
[30]
Cap\'{\i }tulo 8.


[31

]

LaTeX Warning: Citation 'Maddala1999' on page 32 undefined on input line 68.


LaTeX Warning: Citation 'Maddala1999' on page 32 undefined on input line 93.


LaTeX Warning: Citation '' on page 32 undefined on input line 93.


Overfull \hbox (32.41449pt too wide) in paragraph at lines 91--94
\T1/lmr/m/n/12 el pun-to de rup-tu-ra óp-ti-mo $\OML/lmm/m/it/12 ^^\[]$ \T1/lmr/m/n/12 me-dian-te los es-ti-ma-do-res de [][]. 
 []

) (./capitulos/cap09_conclusiones.tex

LaTeX Info: Redefining \. on input line 4.
LaTeX Info: Redefining \% on input line 4.
[32]
Cap\'{\i }tulo 9.

LaTeX Warning: Reference `tab:conclusiones_hip' on page 33 undefined on input line 18.


Underfull \hbox (badness 10000) in paragraph at lines 27--52
[][]
 []


Overfull \hbox (19.30782pt too wide) in paragraph at lines 26--59
 [] 
 []



[33

])

LaTeX Warning: Empty bibliography on input line 296.



LaTeX Info: Redefining \. on input line 301.
LaTeX Info: Redefining \% on input line 301.
[34]

[35

]

LaTeX Info: Redefining \. on input line 342.
LaTeX Info: Redefining \% on input line 342.
[36]

LaTeX Info: Redefining \. on input line 348.
LaTeX Info: Redefining \% on input line 348.
[37] (./main.aux
LaTeX Info: Redefining \sptext on input line 12.
LaTeX Info: Redefining \. on input line 12.
LaTeX Info: Redefining \% on input line 12.
)
 ***********
LaTeX2e <2024-11-01> patch level 2
L3 programming layer <2025-01-18>
 ***********


LaTeX Warning: There were undefined references.


LaTeX Warning: Label(s) may have changed. Rerun to get cross-references right.


Package rerunfilecheck Warning: File `main.out' has changed.
(rerunfilecheck)                Rerun to get outlines right
(rerunfilecheck)                or use package `bookmark'.

Package rerunfilecheck Info: Checksums for `main.out':
(rerunfilecheck)             Before: <no file>
(rerunfilecheck)             After:  D5C5EF06C60147A703C9E5EC0177C790;10441.

Package biblatex Warning: Please (re)run Biber on the file:
(biblatex)                main
(biblatex)                and rerun LaTeX afterwards.

Package logreq Info: Writing requests to 'main.run.xml'.
\openout1 = `main.run.xml'.

 ) 
Here is how much of TeX's memory you used:
 28837 strings out of 473190
 554073 string characters out of 5715801
 1467756 words of memory out of 5000000
 51506 multiletter control sequences out of 15000+600000
 710664 words of font info for 137 fonts, out of 8000000 for 9000
 1141 hyphenation exceptions out of 8191
 75i,17n,81p,1006b,2813s stack positions out of 10000i,1000n,20000p,200000b,200000s
</usr/local/texlive/2025/texmf-dist/fonts/type1/public/lm/lmbx10.pfb></usr/local/texlive/2025/texmf-dist/fonts/type1/public/lm/lmbx12.pfb></usr/local/texlive/2025/texmf-dist/fonts/type1/public/lm/lmbx8.pfb></usr/local/texlive/2025/texmf-dist/fonts/type1/public/lm/lmbxi10.pfb></usr/local/texlive/2025/texmf-dist/fonts/type1/public/lm/lmex10.pfb></usr/local/texlive/2025/texmf-dist/fonts/type1/public/lm/lmmi10.pfb></usr/local/texlive/2025/texmf-dist/fonts/type1/public/lm/lmmi12.pfb></usr/local/texlive/2025/texmf-dist/fonts/type1/public/lm/lmmi6.pfb></usr/local/texlive/2025/texmf-dist/fonts/type1/public/lm/lmmi8.pfb></usr/local/texlive/2025/texmf-dist/fonts/type1/public/lm/lmr10.pfb></usr/local/texlive/2025/texmf-dist/fonts/type1/public/lm/lmr12.pfb></usr/local/texlive/2025/texmf-dist/fonts/type1/public/lm/lmr17.pfb></usr/local/texlive/2025/texmf-dist/fonts/type1/public/lm/lmr6.pfb></usr/local/texlive/2025/texmf-dist/fonts/type1/public/lm/lmr7.pfb></usr/local/texlive/2025/texmf-dist/fonts/type1/public/lm/lmr8.pfb></usr/local/texlive/2025/texmf-dist/fonts/type1/public/lm/lmri10.pfb></usr/local/texlive/2025/texmf-dist/fonts/type1/public/lm/lmri12.pfb></usr/local/texlive/2025/texmf-dist/fonts/type1/public/lm/lmsy10.pfb></usr/local/texlive/2025/texmf-dist/fonts/type1/public/lm/lmsy6.pfb></usr/local/texlive/2025/texmf-dist/fonts/type1/public/lm/lmsy7.pfb></usr/local/texlive/2025/texmf-dist/fonts/type1/public/lm/lmsy8.pfb></usr/local/texlive/2025/texmf-dist/fonts/type1/public/lm/lmtt10.pfb></usr/local/texlive/2025/texmf-dist/fonts/type1/public/lm/lmtt12.pfb></usr/local/texlive/2025/texmf-dist/fonts/type1/public/amsfonts/symbols/msbm10.pfb>
Output written on main.pdf (37 pages, 709381 bytes).
PDF statistics:
 514 PDF objects out of 1000 (max. 8388607)
 412 compressed objects within 5 object streams
 194 named destinations out of 1000 (max. 500000)
 11 words of extra memory for PDF output out of 10000 (max. 10000000)

