\BOOKMARK [0][-]{chapter*.1}{Resumen}{}% 1
\BOOKMARK [0][-]{chapter.1}{Introducci\363n}{}% 2
\BOOKMARK [1][-]{section.1.1}{Motivaci\363n\040y\040contexto\040del\040problema}{chapter.1}% 3
\BOOKMARK [1][-]{section.1.2}{La\040teor\355a\040del\040precio\040sombra\040aplicada\040a\040la\040sanidad\040p\372blica}{chapter.1}% 4
\BOOKMARK [1][-]{section.1.3}{Pregunta\040de\040investigaci\363n\040e\040hip\363tesis}{chapter.1}% 5
\BOOKMARK [1][-]{section.1.4}{Originalidad\040y\040contribuci\363n\040del\040trabajo}{chapter.1}% 6
\BOOKMARK [1][-]{section.1.5}{Estructura\040del\040trabajo}{chapter.1}% 7
\BOOKMARK [0][-]{chapter.2}{Marco\040institucional\040y\040contexto\040sanitario\040en\040Espa\361a}{}% 8
\BOOKMARK [1][-]{section.2.1}{Introducci\363n}{chapter.2}% 9
\BOOKMARK [1][-]{section.2.2}{Organizaci\363n\040del\040Sistema\040Nacional\040de\040Salud}{chapter.2}% 10
\BOOKMARK [2][-]{subsection.2.2.1}{Los\040principios\040fundacionales}{section.2.2}% 11
\BOOKMARK [2][-]{subsection.2.2.2}{La\040descentralizaci\363n\040sanitaria}{section.2.2}% 12
\BOOKMARK [2][-]{subsection.2.2.3}{Implicaciones\040para\040las\040listas\040de\040espera}{section.2.2}% 13
\BOOKMARK [1][-]{section.2.3}{Evoluci\363n\040de\040las\040listas\040de\040espera\040\(2016\2052024\)}{chapter.2}% 14
\BOOKMARK [2][-]{subsection.2.3.1}{Tendencia\040general\040al\040alza}{section.2.3}% 15
\BOOKMARK [2][-]{subsection.2.3.2}{Factores\040estructurales:\040el\040envejecimiento\040demogr\341fico}{section.2.3}% 16
\BOOKMARK [2][-]{subsection.2.3.3}{El\040shock\040de\040la\040pandemia\040COVID-19}{section.2.3}% 17
\BOOKMARK [2][-]{subsection.2.3.4}{Heterogeneidad\040auton\363mica}{section.2.3}% 18
\BOOKMARK [1][-]{section.2.4}{El\040sector\040privado:\040definici\363n\040y\040papel\040en\040el\040sistema\040sanitario}{chapter.2}% 19
\BOOKMARK [2][-]{subsection.2.4.1}{Modalidades\040de\040seguro\040sanitario\040privado}{section.2.4}% 20
\BOOKMARK [2][-]{subsection.2.4.2}{Dimensi\363n\040del\040sector\040privado\040en\040Espa\361a}{section.2.4}% 21
\BOOKMARK [2][-]{subsection.2.4.3}{El\040seguro\040privado\040como\040``v\341lvula\040de\040escape''}{section.2.4}% 22
\BOOKMARK [1][-]{section.2.5}{Justificaci\363n\040del\040enfoque\040auton\363mico}{chapter.2}% 23
\BOOKMARK [1][-]{section.2.6}{S\355ntesis\040del\040contexto\040institucional}{chapter.2}% 24
\BOOKMARK [0][-]{chapter.3}{Marco\040te\363rico}{}% 25
\BOOKMARK [1][-]{section.3.1}{Introducci\363n}{chapter.3}% 26
\BOOKMARK [1][-]{section.3.2}{El\040modelo\040de\040decisi\363n\040del\040hogar:\040sanidad\040p\372blica\040versus\040privada}{chapter.3}% 27
\BOOKMARK [2][-]{subsection.3.2.1}{Planteamiento\040general}{section.3.2}% 28
\BOOKMARK [2][-]{subsection.3.2.2}{Formalizaci\363n\040del\040modelo}{section.3.2}% 29
\BOOKMARK [2][-]{subsection.3.2.3}{La\040decisi\363n\040de\040contrataci\363n}{section.3.2}% 30
\BOOKMARK [2][-]{subsection.3.2.4}{Heterogeneidad\040seg\372n\040renta}{section.3.2}% 31
\BOOKMARK [1][-]{section.3.3}{La\040Ley\040de\040Little\040y\040los\040tiempos\040de\040espera\040como\040indicador\040de\040saturaci\363n}{chapter.3}% 32
\BOOKMARK [2][-]{subsection.3.3.1}{Fundamentos\040de\040teor\355a\040de\040colas}{section.3.3}% 33
\BOOKMARK [2][-]{subsection.3.3.2}{Aplicaci\363n\040al\040sistema\040sanitario\040p\372blico}{section.3.3}% 34
\BOOKMARK [2][-]{subsection.3.3.3}{Por\040que\040W\040y\040no\040L\040como\040variable\040de\040saturacion}{section.3.3}% 35
\BOOKMARK [1][-]{section.3.4}{El\040precio\040sombra\040del\040tiempo\040de\040espera}{chapter.3}% 36
\BOOKMARK [2][-]{subsection.3.4.1}{Concepto\040de\040precio\040sombra}{section.3.4}% 37
\BOOKMARK [2][-]{subsection.3.4.2}{Formalizaci\363n}{section.3.4}% 38
\BOOKMARK [2][-]{subsection.3.4.3}{Efecto\040sobre\040el\040precio\040relativo}{section.3.4}% 39
\BOOKMARK [2][-]{subsection.3.4.4}{Elasticidad\040de\040sustituci\363n}{section.3.4}% 40
\BOOKMARK [1][-]{section.3.5}{S\355ntesis\040y\040proposiciones\040te\363ricas}{chapter.3}% 41
\BOOKMARK [0][-]{chapter.4}{Datos\040y\040descripci\363n\040emp\355rica}{}% 42
\BOOKMARK [1][-]{section.4.1}{Introducci\363n}{chapter.4}% 43
\BOOKMARK [1][-]{section.4.2}{Fuentes\040de\040datos}{chapter.4}% 44
\BOOKMARK [2][-]{subsection.4.2.1}{Gasto\040en\040seguros\040sanitarios\040privados\040\204\040Encuesta\040de\040Presupuestos\040Familiares\040\(INE\)}{section.4.2}% 45
\BOOKMARK [2][-]{subsection.4.2.2}{Producto\040Interior\040Bruto\040per\040c\341pita\040\204\040Contabilidad\040Regional\040de\040Espa\361a\040\(INE\)}{section.4.2}% 46
\BOOKMARK [2][-]{subsection.4.2.3}{Tiempos\040de\040espera\040en\040consulta\040de\040especialistas\040\204\040SISLE-SNS\040\(Ministerio\040de\040Sanidad\)}{section.4.2}% 47
\BOOKMARK [2][-]{subsection.4.2.4}{Variables\040demogr\341ficas\040y\040de\040control}{section.4.2}% 48
\BOOKMARK [1][-]{section.4.3}{Estad\355sticos\040descriptivos}{chapter.4}% 49
\BOOKMARK [2][-]{subsection.4.3.1}{Heterogeneidad\040transversal\040del\040gasto}{section.4.3}% 50
\BOOKMARK [2][-]{subsection.4.3.2}{Capacidad\040explicativa\040del\040PIB\040per\040c\341pita}{section.4.3}% 51
\BOOKMARK [2][-]{subsection.4.3.3}{Variabilidad\040de\040las\040listas\040de\040espera}{section.4.3}% 52
\BOOKMARK [2][-]{subsection.4.3.4}{Envejecimiento\040demogr\341fico}{section.4.3}% 53
\BOOKMARK [1][-]{section.4.4}{Evoluci\363n\040temporal\040y\040correlaci\363n\040entre\040variables\040clave}{chapter.4}% 54
\BOOKMARK [1][-]{section.4.5}{Restricciones\040de\040los\040datos\040y\040consideraciones\040para\040el\040an\341lisis}{chapter.4}% 55
\BOOKMARK [0][-]{chapter.5}{Metodolog\355a\040econom\351trica}{}% 56
\BOOKMARK [1][-]{section.5.1}{Introducci\363n}{chapter.5}% 57
\BOOKMARK [1][-]{section.5.2}{Modelo\040econom\351trico\040base\040de\040datos\040de\040panel}{chapter.5}% 58
\BOOKMARK [2][-]{subsection.5.2.1}{Especificaci\363n\040general}{section.5.2}% 59
\BOOKMARK [2][-]{subsection.5.2.2}{Efectos\040fijos\040vs.\040efectos\040aleatorios}{section.5.2}% 60
\BOOKMARK [1][-]{section.5.3}{Contrastes\040de\040especificaci\363n}{chapter.5}% 61
\BOOKMARK [2][-]{subsection.5.3.1}{Contraste\040de\040ra\355z\040unitaria\040en\040panel}{section.5.3}% 62
\BOOKMARK [2][-]{subsection.5.3.2}{Contrastes\040de\040cointegraci\363n}{section.5.3}% 63
\BOOKMARK [2][-]{subsection.5.3.3}{Contraste\040de\040Hausman}{section.5.3}% 64
\BOOKMARK [1][-]{section.5.4}{Extensiones\040del\040modelo}{chapter.5}% 65
\BOOKMARK [2][-]{subsection.5.4.1}{Modelo\040con\040retardos\040distribuidos\040\(M2\)}{section.5.4}% 66
\BOOKMARK [2][-]{subsection.5.4.2}{Modelo\040con\040persistencia\040del\040gasto\040\(M3\)}{section.5.4}% 67
\BOOKMARK [2][-]{subsection.5.4.3}{Modelos\040umbral\040\(M1-U\040y\040M3-U\)}{section.5.4}% 68
\BOOKMARK [2][-]{subsection.5.4.4}{Errores\040est\341ndar\040robustos\040agrupados}{section.5.4}% 69
\BOOKMARK [1][-]{section.5.5}{S\355ntesis\040de\040la\040estrategia\040metodol\363gica}{chapter.5}% 70
\BOOKMARK [0][-]{chapter.6}{Resultados\040emp\355ricos}{}% 71
\BOOKMARK [1][-]{section.6.1}{Introducci\363n}{chapter.6}% 72
\BOOKMARK [1][-]{section.6.2}{Resultados\040principales:\040Tabla\040de\040regresiones}{chapter.6}% 73
\BOOKMARK [1][-]{section.6.3}{Test\040de\040Hausman:\040Elecci\363n\040entre\040efectos\040fijos\040y\040aleatorios}{chapter.6}% 74
\BOOKMARK [1][-]{section.6.4}{Contraste\040de\040H1:\040Elasticidad\040renta}{chapter.6}% 75
\BOOKMARK [1][-]{section.6.5}{Contraste\040de\040H2:\040Efecto\040lineal\040de\040las\040listas\040de\040espera}{chapter.6}% 76
\BOOKMARK [1][-]{section.6.6}{Contraste\040de\040H3:\040Efecto\040diferido\040\(dos\040retardos\)}{chapter.6}% 77
\BOOKMARK [1][-]{section.6.7}{Contraste\040de\040H4:\040Efecto\040umbral}{chapter.6}% 78
\BOOKMARK [1][-]{section.6.8}{Contraste\040de\040H5:\040Persistencia\040del\040gasto}{chapter.6}% 79
\BOOKMARK [1][-]{section.6.9}{Impacto\040del\040COVID-19}{chapter.6}% 80
\BOOKMARK [1][-]{section.6.10}{Resumen\040de\040contraste\040de\040hip\363tesis}{chapter.6}% 81
\BOOKMARK [0][-]{chapter.7}{Discusi\363n}{}% 82
\BOOKMARK [1][-]{section.7.1}{Introducci\363n}{chapter.7}% 83
\BOOKMARK [1][-]{section.7.2}{El\040seguro\040privado\040como\040bien\040de\040lujo:\040implicaciones\040de\040equidad}{chapter.7}% 84
\BOOKMARK [1][-]{section.7.3}{La\040espera\040como\040precio\040sombra:\040mecanismo\040de\040segmentaci\363n}{chapter.7}% 85
\BOOKMARK [1][-]{section.7.4}{Implicaciones\040para\040la\040pol\355tica\040sanitaria\040espa\361ola}{chapter.7}% 86
\BOOKMARK [2][-]{subsection.7.4.1}{La\040funci\363n\040de\040la\040renta\040en\040el\040dise\361o\040de\040la\040pol\355tica\040sanitaria}{section.7.4}% 87
\BOOKMARK [2][-]{subsection.7.4.2}{La\040gesti\363n\040de\040las\040listas\040de\040espera\040como\040pol\355tica\040de\040cohesi\363n}{section.7.4}% 88
\BOOKMARK [2][-]{subsection.7.4.3}{La\040pandemia\040como\040experimento\040natural}{section.7.4}% 89
\BOOKMARK [1][-]{section.7.5}{Contraste\040con\040la\040literatura\040previa}{chapter.7}% 90
\BOOKMARK [0][-]{chapter.8}{Limitaciones\040del\040estudio}{}% 91
\BOOKMARK [1][-]{section.8.1}{Limitaciones\040de\040los\040datos}{chapter.8}% 92
\BOOKMARK [2][-]{subsection.8.1.1}{Disponibilidad\040y\040calidad\040estad\355stica\040de\040las\040fuentes}{section.8.1}% 93
\BOOKMARK [2][-]{subsection.8.1.2}{Per\355odo\040temporal\040y\040variaci\363n}{section.8.1}% 94
\BOOKMARK [2][-]{subsection.8.1.3}{Ausencia\040de\040datos\040de\040precio\040de\040las\040primas}{section.8.1}% 95
\BOOKMARK [2][-]{subsection.8.1.4}{Heterogeneidad\040en\040los\040sistemas\040de\040espera}{section.8.1}% 96
\BOOKMARK [1][-]{section.8.2}{Limitaciones\040metodol\363gicas}{chapter.8}% 97
\BOOKMARK [2][-]{subsection.8.2.1}{Endogeneidad\040potencial}{section.8.2}% 98
\BOOKMARK [2][-]{subsection.8.2.2}{Umbral\040end\363geno}{section.8.2}% 99
\BOOKMARK [2][-]{subsection.8.2.3}{Ausencia\040de\040nivel\040microecon\363mico}{section.8.2}% 100
\BOOKMARK [1][-]{section.8.3}{Implicaciones\040para\040futuras\040investigaciones}{chapter.8}% 101
\BOOKMARK [0][-]{chapter.9}{Conclusiones}{}% 102
\BOOKMARK [1][-]{section.9.1}{S\355ntesis\040de\040los\040resultados}{chapter.9}% 103
\BOOKMARK [1][-]{section.9.2}{Aportaciones\040principales\040del\040trabajo}{chapter.9}% 104
\BOOKMARK [1][-]{section.9.3}{Aportaciones\040para\040la\040pol\355tica\040sanitaria}{chapter.9}% 105
\BOOKMARK [1][-]{section.9.4}{Reflexi\363n\040final}{chapter.9}% 106
\BOOKMARK [0][-]{chapter*.15}{Summary}{}% 107
